2024-08-27 16:54:37.0651 INFO Приступаем к заполнению полей
2024-08-27 16:54:37.1008 INFO Получены рандомные значения для bid
2024-08-27 16:54:37.1008 INFO Получены рандомные значения для ask
2024-08-27 16:54:37.1008 INFO Заполнены значения 0 элемента фирмы MSFT
2024-08-27 16:54:37.1008 INFO Получены рандомные значения для bid
2024-08-27 16:54:37.1008 INFO Получены рандомные значения для ask
2024-08-27 16:54:37.1008 INFO Заполнены значения 1 элемента фирмы MSFT
2024-08-27 16:54:37.1008 INFO Получены рандомные значения для bid
2024-08-27 16:54:37.1008 INFO Получены рандомные значения для ask
2024-08-27 16:54:37.1008 INFO Заполнены значения 2 элемента фирмы MSFT
2024-08-27 16:54:37.1008 INFO Получены рандомные значения для bid
2024-08-27 16:54:37.1008 INFO Получены рандомные значения для ask
2024-08-27 16:54:37.1008 INFO Заполнены значения 3 элемента фирмы MSFT
2024-08-27 16:54:37.1008 INFO Получены рандомные значения для bid
2024-08-27 16:54:37.1008 INFO Получены рандомные значения для ask
2024-08-27 16:54:37.1008 INFO Заполнены значения 4 элемента фирмы MSFT
2024-08-27 16:54:37.1008 INFO Получены рандомные значения для bid
2024-08-27 16:54:37.1008 INFO Получены рандомные значения для ask
2024-08-27 16:54:37.1008 INFO Заполнены значения 5 элемента фирмы MSFT
2024-08-27 16:54:37.1008 INFO Получены рандомные значения для bid
2024-08-27 16:54:37.1008 INFO Получены рандомные значения для ask
2024-08-27 16:54:37.1008 INFO Заполнены значения 6 элемента фирмы MSFT
2024-08-27 16:54:37.1008 INFO Получены рандомные значения для bid
2024-08-27 16:54:37.1008 INFO Получены рандомные значения для ask
2024-08-27 16:54:37.1008 INFO Заполнены значения 7 элемента фирмы MSFT
2024-08-27 16:54:37.1008 INFO Получены рандомные значения для bid
2024-08-27 16:54:37.1008 INFO Получены рандомные значения для ask
2024-08-27 16:54:37.1008 INFO Заполнены значения 8 элемента фирмы MSFT
2024-08-27 16:54:37.1008 INFO Получены рандомные значения для bid
2024-08-27 16:54:37.1008 INFO Получены рандомные значения для ask
2024-08-27 16:54:37.1008 INFO Заполнены значения 9 элемента фирмы MSFT
2024-08-27 16:54:37.1008 INFO Получены рандомные значения для bid
2024-08-27 16:54:37.1008 INFO Получены рандомные значения для ask
2024-08-27 16:54:37.1008 INFO Заполнены значения 10 элемента фирмы MSFT
2024-08-27 16:54:37.1008 INFO Получены рандомные значения для bid
2024-08-27 16:54:37.1008 INFO Получены рандомные значения для ask
2024-08-27 16:54:37.1008 INFO Заполнены значения 11 элемента фирмы APPL
2024-08-27 16:54:37.1008 INFO Получены рандомные значения для bid
2024-08-27 16:54:37.1008 INFO Получены рандомные значения для ask
2024-08-27 16:54:37.1008 INFO Заполнены значения 12 элемента фирмы APPL
2024-08-27 16:54:37.1008 INFO Получены рандомные значения для bid
2024-08-27 16:54:37.1008 INFO Получены рандомные значения для ask
2024-08-27 16:54:37.1008 INFO Заполнены значения 13 элемента фирмы APPL
2024-08-27 16:54:37.1008 INFO Получены рандомные значения для bid
2024-08-27 16:54:37.1008 INFO Получены рандомные значения для ask
2024-08-27 16:54:37.1008 INFO Заполнены значения 14 элемента фирмы APPL
2024-08-27 16:54:37.1008 INFO Получены рандомные значения для bid
2024-08-27 16:54:37.1008 INFO Получены рандомные значения для ask
2024-08-27 16:54:37.1008 INFO Заполнены значения 15 элемента фирмы APPL
2024-08-27 16:54:37.1008 INFO Получены рандомные значения для bid
2024-08-27 16:54:37.1008 INFO Получены рандомные значения для ask
2024-08-27 16:54:37.1008 INFO Заполнены значения 16 элемента фирмы APPL
2024-08-27 16:54:37.1008 INFO Получены рандомные значения для bid
2024-08-27 16:54:37.1008 INFO Получены рандомные значения для ask
2024-08-27 16:54:37.1008 INFO Заполнены значения 17 элемента фирмы APPL
2024-08-27 16:54:37.1008 INFO Получены рандомные значения для bid
2024-08-27 16:54:37.1008 INFO Получены рандомные значения для ask
2024-08-27 16:54:37.1008 INFO Заполнены значения 18 элемента фирмы APPL
2024-08-27 16:54:37.1008 INFO Получены рандомные значения для bid
2024-08-27 16:54:37.1008 INFO Получены рандомные значения для ask
2024-08-27 16:54:37.1008 INFO Заполнены значения 19 элемента фирмы APPL
2024-08-27 16:54:37.1008 INFO Получены рандомные значения для bid
2024-08-27 16:54:37.1008 INFO Получены рандомные значения для ask
2024-08-27 16:54:37.1008 INFO Заполнены значения 20 элемента фирмы APPL
2024-08-27 16:54:37.1008 INFO Получены рандомные значения для bid
2024-08-27 16:54:37.1008 INFO Получены рандомные значения для ask
2024-08-27 16:54:37.1008 INFO Заполнены значения 21 элемента фирмы VIX
2024-08-27 16:54:37.1008 INFO Получены рандомные значения для bid
2024-08-27 16:54:37.1008 INFO Получены рандомные значения для ask
2024-08-27 16:54:37.1008 INFO Заполнены значения 22 элемента фирмы VIX
2024-08-27 16:54:37.1008 INFO Получены рандомные значения для bid
2024-08-27 16:54:37.1008 INFO Получены рандомные значения для ask
2024-08-27 16:54:37.1008 INFO Заполнены значения 23 элемента фирмы VIX
2024-08-27 16:54:37.1008 INFO Получены рандомные значения для bid
2024-08-27 16:54:37.1008 INFO Получены рандомные значения для ask
2024-08-27 16:54:37.1008 INFO Заполнены значения 24 элемента фирмы VIX
2024-08-27 16:54:37.1008 INFO Получены рандомные значения для bid
2024-08-27 16:54:37.1008 INFO Получены рандомные значения для ask
2024-08-27 16:54:37.1008 INFO Заполнены значения 25 элемента фирмы VIX
2024-08-27 16:54:37.1008 INFO Получены рандомные значения для bid
2024-08-27 16:54:37.1008 INFO Получены рандомные значения для ask
2024-08-27 16:54:37.1008 INFO Заполнены значения 26 элемента фирмы VIX
2024-08-27 16:54:37.1008 INFO Получены рандомные значения для bid
2024-08-27 16:54:37.1008 INFO Получены рандомные значения для ask
2024-08-27 16:54:37.1008 INFO Заполнены значения 27 элемента фирмы VIX
2024-08-27 16:54:37.1008 INFO Получены рандомные значения для bid
2024-08-27 16:54:37.1008 INFO Получены рандомные значения для ask
2024-08-27 16:54:37.1008 INFO Заполнены значения 28 элемента фирмы VIX
2024-08-27 16:54:37.1008 INFO Получены рандомные значения для bid
2024-08-27 16:54:37.1008 INFO Получены рандомные значения для ask
2024-08-27 16:54:37.1008 INFO Заполнены значения 29 элемента фирмы VIX
2024-08-27 16:54:37.1008 INFO Идет запись в файл, количество данных: 30
2024-08-27 16:54:37.1008 INFO Файлы успешно записаны! 30 из 30
